<?xml version="1.0" encoding="UTF-8"?>
<!-- Generated by org.testng.reporters.JUnitXMLReporter -->
<testsuite ignored="0" hostname="DESKTOP-68UNFF8" failures="1" tests="3" name="Error Validation Test" time="29.222" errors="0" timestamp="2024-05-23T23:36:58 IST">
  <testcase classname="AutomationFrameworkDesign.Tests.ErrorValidations" name="loginErrorValidation" time="3.215">
    <skipped/>
  </testcase> <!-- loginErrorValidation -->
  <testcase classname="AutomationFrameworkDesign.Tests.ErrorValidations" name="loginErrorValidation" time="0.554">
    <failure type="java.lang.AssertionError" message="expected [Incorrect email or password] but found [Incorrect email or password.]">
      <![CDATA[java.lang.AssertionError: expected [Incorrect email or password] but found [Incorrect email or password.]
at AutomationFrameworkDesign.Tests.ErrorValidations.loginErrorValidation(ErrorValidations.java:25)
at java.base/java.util.ArrayList.forEach(ArrayList.java:1511)
at java.base/java.util.concurrent.FutureTask.run(FutureTask.java:264)
at java.base/java.util.concurrent.ThreadPoolExecutor.runWorker(ThreadPoolExecutor.java:1130)
at java.base/java.util.concurrent.ThreadPoolExecutor$Worker.run(ThreadPoolExecutor.java:630)
at java.base/java.lang.Thread.run(Thread.java:831)
... Removed 23 stack frames]]>
    </failure>
  </testcase> <!-- loginErrorValidation -->
  <testcase classname="AutomationFrameworkDesign.Tests.ErrorValidations" name="productErrorValidation" time="0.6"/>
</testsuite> <!-- Error Validation Test -->
